<?xml version="1.0" encoding="UTF-8"?>
<!-- Generated by org.testng.reporters.JUnitReportReporter -->
<testsuite hostname="DESKTOP-SPJM3B5" failures="0" tests="1" name="com.keka.testcases.HomePageTest" time="12.257" errors="0" timestamp="2023-03-20T11:31:53 IST" skipped="0">
  <testcase classname="com.keka.testcases.HomePageTest" name="validateProfileColor" time="12.257"/>
  <system-out/>
</testsuite> <!-- com.keka.testcases.HomePageTest -->
